This is pdfTeX, Version 3.14159265-2.6-1.40.19 (MiKTeX 2.9.6730 64-bit) (preloaded format=pdflatex 2018.8.11)  8 JUL 2019 02:54
entering extended mode
**./hepthesis.tex
(hepthesis.tex
LaTeX2e <2018-04-01> patch level 5
("C:\Users\lenjo\AppData\Local\Programs\MiKTeX 2.9\tex\latex\base\article.cls"
Document Class: article 2014/09/29 v1.4h Standard LaTeX document class
("C:\Users\lenjo\AppData\Local\Programs\MiKTeX 2.9\tex\latex\base\size12.clo"
File: size12.clo 2014/09/29 v1.4h Standard LaTeX file (size option)
)
\c@part=\count80
\c@section=\count81
\c@subsection=\count82
\c@subsubsection=\count83
\c@paragraph=\count84
\c@subparagraph=\count85
\c@figure=\count86
\c@table=\count87
\abovecaptionskip=\skip41
\belowcaptionskip=\skip42
\bibindent=\dimen102
)
("C:\Users\lenjo\AppData\Local\Programs\MiKTeX 2.9\tex\latex\psnfss\mathpazo.st
y"
Package: mathpazo 2005/04/12 PSNFSS-v9.2a Palatino w/ Pazo Math (D.Puga, WaS) 
\symupright=\mathgroup4
)
("C:\Users\lenjo\AppData\Local\Programs\MiKTeX 2.9\tex\latex\maybemath\maybemat
h.sty"
Package: maybemath 2005/2/22

("C:\Users\lenjo\AppData\Local\Programs\MiKTeX 2.9\tex\latex\amsmath\amsmath.st
y"
Package: amsmath 2017/09/02 v2.17a AMS math features
\@mathmargin=\skip43

For additional information on amsmath, use the `?' option.

("C:\Users\lenjo\AppData\Local\Programs\MiKTeX 2.9\tex\latex\amsmath\amstext.st
y"
Package: amstext 2000/06/29 v2.01 AMS text

("C:\Users\lenjo\AppData\Local\Programs\MiKTeX 2.9\tex\latex\amsmath\amsgen.sty
"
File: amsgen.sty 1999/11/30 v2.0 generic functions
\@emptytoks=\toks14
\ex@=\dimen103
))
("C:\Users\lenjo\AppData\Local\Programs\MiKTeX 2.9\tex\latex\amsmath\amsbsy.sty
"
Package: amsbsy 1999/11/29 v1.2d Bold Symbols
\pmbraise@=\dimen104
)
("C:\Users\lenjo\AppData\Local\Programs\MiKTeX 2.9\tex\latex\amsmath\amsopn.sty
"
Package: amsopn 2016/03/08 v2.02 operator names
)
\inf@bad=\count88
LaTeX Info: Redefining \frac on input line 213.
\uproot@=\count89
\leftroot@=\count90
LaTeX Info: Redefining \overline on input line 375.
\classnum@=\count91
\DOTSCASE@=\count92
LaTeX Info: Redefining \ldots on input line 472.
LaTeX Info: Redefining \dots on input line 475.
LaTeX Info: Redefining \cdots on input line 596.
\Mathstrutbox@=\box26
\strutbox@=\box27
\big@size=\dimen105
LaTeX Font Info:    Redeclaring font encoding OML on input line 712.
LaTeX Font Info:    Redeclaring font encoding OMS on input line 713.
\macc@depth=\count93
\c@MaxMatrixCols=\count94
\dotsspace@=\muskip10
\c@parentequation=\count95
\dspbrk@lvl=\count96
\tag@help=\toks15
\row@=\count97
\column@=\count98
\maxfields@=\count99
\andhelp@=\toks16
\eqnshift@=\dimen106
\alignsep@=\dimen107
\tagshift@=\dimen108
\tagwidth@=\dimen109
\totwidth@=\dimen110
\lineht@=\dimen111
\@envbody=\toks17
\multlinegap=\skip44
\multlinetaggap=\skip45
\mathdisplay@stack=\toks18
LaTeX Info: Redefining \[ on input line 2817.
LaTeX Info: Redefining \] on input line 2818.
) ("C:\Users\lenjo\AppData\Local\Programs\MiKTeX 2.9\tex\latex\tools\bm.sty"
Package: bm 2017/01/16 v1.2c Bold Symbol Support (DPC/FMi)
\symboldoperators=\mathgroup5
\symboldletters=\mathgroup6
\symboldsymbols=\mathgroup7
\symboldupright=\mathgroup8
LaTeX Font Info:    Redeclaring math alphabet \mathbf on input line 141.
LaTeX Info: Redefining \bm on input line 207.
)) ("C:\Users\lenjo\AppData\Local\Programs\MiKTeX 2.9\tex\latex\tools\xspace.st
y"
Package: xspace 2014/10/28 v1.13 Space after command names (DPC,MH)
)
("C:\Users\lenjo\AppData\Local\Programs\MiKTeX 2.9\tex\latex\setspace\setspace.
sty"
Package: setspace 2011/12/19 v6.7a set line spacing
)
("C:\Users\lenjo\AppData\Local\Programs\MiKTeX 2.9\tex\latex\fancybox\fancybox.
sty"
Package: fancybox 2010/05/15 1.4

Style option: `fancybox' v1.4 <2010/05/15> (tvz)
\@fancybox=\box28
\shadowsize=\dimen112
\@Sbox=\box29
\do@VerbBox=\toks19
\the@fancyput=\toks20
\this@fancyput=\toks21
\EndVerbatimTokens=\toks22
\Verbatim@Outfile=\write3
\Verbatim@Infile=\read1
)
("C:\Users\lenjo\AppData\Local\Programs\MiKTeX 2.9\tex\latex\fancyvrb\fancyvrb.
sty"
Package: fancyvrb 2008/02/07

Style option: `fancyvrb' v2.7a, with DG/SPQR fixes, and firstline=lastline fix 
<2008/02/07> (tvz)
("C:\Users\lenjo\AppData\Local\Programs\MiKTeX 2.9\tex\latex\graphics\keyval.st
y"
Package: keyval 2014/10/28 v1.15 key=value parser (DPC)
\KV@toks@=\toks23
)
\FV@CodeLineNo=\count100
\FV@InFile=\read2
\FV@TabBox=\box30
\c@FancyVerbLine=\count101
\FV@StepNumber=\count102
\FV@OutFile=\write4
)
("C:\Users\lenjo\AppData\Local\Programs\MiKTeX 2.9\tex\latex\a4wide\a4wide.sty"
Package: a4wide 1994/08/30
("C:\Users\lenjo\AppData\Local\Programs\MiKTeX 2.9\tex\latex\ntgclass\a4.sty"
Package: a4 2004/04/15 v1.2g A4 based page layout
)) ("C:\Users\lenjo\AppData\Local\Programs\MiKTeX 2.9\tex\latex\url\url.sty"
\Urlmuskip=\muskip11
Package: url 2013/09/16  ver 3.4  Verb mode for urls, etc.
)
("C:\Users\lenjo\AppData\Local\Programs\MiKTeX 2.9\tex\latex\relsize\relsize.st
y"
Package: relsize 2013/03/29 ver 4.1
)
("C:\Users\lenjo\AppData\Local\Programs\MiKTeX 2.9\tex\latex\underscore\undersc
ore.sty"
Package: underscore 2006/09/13
LaTeX Info: Redefining \_ on input line 42.
)
("C:\Users\lenjo\AppData\Local\Programs\MiKTeX 2.9\tex\latex\hyperref\hyperref.
sty"
Package: hyperref 2018/02/06 v6.86b Hypertext links for LaTeX

("C:\Users\lenjo\AppData\Local\Programs\MiKTeX 2.9\tex\generic\oberdiek\hobsub-
hyperref.sty"
Package: hobsub-hyperref 2016/05/16 v1.14 Bundle oberdiek, subset hyperref (HO)


("C:\Users\lenjo\AppData\Local\Programs\MiKTeX 2.9\tex\generic\oberdiek\hobsub-
generic.sty"
Package: hobsub-generic 2016/05/16 v1.14 Bundle oberdiek, subset generic (HO)
Package: hobsub 2016/05/16 v1.14 Construct package bundles (HO)
Package: infwarerr 2016/05/16 v1.4 Providing info/warning/error messages (HO)
Package: ltxcmds 2016/05/16 v1.23 LaTeX kernel commands for general use (HO)
Package: ifluatex 2016/05/16 v1.4 Provides the ifluatex switch (HO)
Package ifluatex Info: LuaTeX not detected.
Package: ifvtex 2016/05/16 v1.6 Detect VTeX and its facilities (HO)
Package ifvtex Info: VTeX not detected.
Package: intcalc 2016/05/16 v1.2 Expandable calculations with integers (HO)
Package: ifpdf 2017/03/15 v3.2 Provides the ifpdf switch
Package: etexcmds 2016/05/16 v1.6 Avoid name clashes with e-TeX commands (HO)
Package etexcmds Info: Could not find \expanded.
(etexcmds)             That can mean that you are not using pdfTeX 1.50 or
(etexcmds)             that some package has redefined \expanded.
(etexcmds)             In the latter case, load this package earlier.
Package: kvsetkeys 2016/05/16 v1.17 Key value parser (HO)
Package: kvdefinekeys 2016/05/16 v1.4 Define keys (HO)
Package: pdftexcmds 2018/01/30 v0.27 Utility functions of pdfTeX for LuaTeX (HO
)
Package pdftexcmds Info: LuaTeX not detected.
Package pdftexcmds Info: \pdf@primitive is available.
Package pdftexcmds Info: \pdf@ifprimitive is available.
Package pdftexcmds Info: \pdfdraftmode found.
Package: pdfescape 2016/05/16 v1.14 Implements pdfTeX's escape features (HO)
Package: bigintcalc 2016/05/16 v1.4 Expandable calculations on big integers (HO
)
Package: bitset 2016/05/16 v1.2 Handle bit-vector datatype (HO)
Package: uniquecounter 2016/05/16 v1.3 Provide unlimited unique counter (HO)
)
Package hobsub Info: Skipping package `hobsub' (already loaded).
Package: letltxmacro 2016/05/16 v1.5 Let assignment for LaTeX macros (HO)
Package: hopatch 2016/05/16 v1.3 Wrapper for package hooks (HO)
Package: xcolor-patch 2016/05/16 xcolor patch
Package: atveryend 2016/05/16 v1.9 Hooks at the very end of document (HO)
Package atveryend Info: \enddocument detected (standard20110627).
Package: atbegshi 2016/06/09 v1.18 At begin shipout hook (HO)
Package: refcount 2016/05/16 v3.5 Data extraction from label references (HO)
Package: hycolor 2016/05/16 v1.8 Color options for hyperref/bookmark (HO)
)
("C:\Users\lenjo\AppData\Local\Programs\MiKTeX 2.9\tex\generic\ifxetex\ifxetex.
sty"
Package: ifxetex 2010/09/12 v0.6 Provides ifxetex conditional
)
("C:\Users\lenjo\AppData\Local\Programs\MiKTeX 2.9\tex\latex\oberdiek\auxhook.s
ty"
Package: auxhook 2016/05/16 v1.4 Hooks for auxiliary files (HO)
)
("C:\Users\lenjo\AppData\Local\Programs\MiKTeX 2.9\tex\latex\oberdiek\kvoptions
.sty"
Package: kvoptions 2016/05/16 v3.12 Key value format for package options (HO)
)
\@linkdim=\dimen113
\Hy@linkcounter=\count103
\Hy@pagecounter=\count104

("C:\Users\lenjo\AppData\Local\Programs\MiKTeX 2.9\tex\latex\hyperref\pd1enc.de
f"
File: pd1enc.def 2018/02/06 v6.86b Hyperref: PDFDocEncoding definition (HO)
Now handling font encoding PD1 ...
... no UTF-8 mapping file for font encoding PD1
)
\Hy@SavedSpaceFactor=\count105

("C:\Users\lenjo\AppData\Local\Programs\MiKTeX 2.9\tex\latex\00miktex\hyperref.
cfg"
File: hyperref.cfg 2002/06/06 v1.2 hyperref configuration of TeXLive
)
Package hyperref Info: Option `colorlinks' set `true' on input line 4383.
Package hyperref Info: Option `bookmarks' set `true' on input line 4383.
Package hyperref Info: Hyper figures OFF on input line 4509.
Package hyperref Info: Link nesting OFF on input line 4514.
Package hyperref Info: Hyper index ON on input line 4517.
Package hyperref Info: Plain pages OFF on input line 4524.
Package hyperref Info: Backreferencing OFF on input line 4529.
Package hyperref Info: Implicit mode ON; LaTeX internals redefined.
Package hyperref Info: Bookmarks ON on input line 4762.
\c@Hy@tempcnt=\count106
LaTeX Info: Redefining \url on input line 5115.
\XeTeXLinkMargin=\dimen114
\Fld@menulength=\count107
\Field@Width=\dimen115
\Fld@charsize=\dimen116
Package hyperref Info: Hyper figures OFF on input line 6369.
Package hyperref Info: Link nesting OFF on input line 6374.
Package hyperref Info: Hyper index ON on input line 6377.
Package hyperref Info: backreferencing OFF on input line 6384.
Package hyperref Info: Link coloring ON on input line 6387.
Package hyperref Info: Link coloring with OCG OFF on input line 6394.
Package hyperref Info: PDF/A mode OFF on input line 6399.
LaTeX Info: Redefining \ref on input line 6439.
LaTeX Info: Redefining \pageref on input line 6443.
\Hy@abspage=\count108
\c@Item=\count109
\c@Hfootnote=\count110
)
Package hyperref Info: Driver (autodetected): hpdftex.

("C:\Users\lenjo\AppData\Local\Programs\MiKTeX 2.9\tex\latex\hyperref\hpdftex.d
ef"
File: hpdftex.def 2018/02/06 v6.86b Hyperref driver for pdfTeX
\Fld@listcount=\count111
\c@bookmark@seq@number=\count112

("C:\Users\lenjo\AppData\Local\Programs\MiKTeX 2.9\tex\latex\oberdiek\rerunfile
check.sty"
Package: rerunfilecheck 2016/05/16 v1.8 Rerun checks for auxiliary files (HO)
Package uniquecounter Info: New unique counter `rerunfilecheck' on input line 2
82.
)
\Hy@SectionHShift=\skip46
) (hepthesis.aux)
\openout1 = `hepthesis.aux'.

LaTeX Font Info:    Checking defaults for OML/cmm/m/it on input line 47.
LaTeX Font Info:    ... okay on input line 47.
LaTeX Font Info:    Checking defaults for T1/cmr/m/n on input line 47.
LaTeX Font Info:    ... okay on input line 47.
LaTeX Font Info:    Checking defaults for OT1/cmr/m/n on input line 47.
LaTeX Font Info:    ... okay on input line 47.
LaTeX Font Info:    Checking defaults for OMS/cmsy/m/n on input line 47.
LaTeX Font Info:    ... okay on input line 47.
LaTeX Font Info:    Checking defaults for OMX/cmex/m/n on input line 47.
LaTeX Font Info:    ... okay on input line 47.
LaTeX Font Info:    Checking defaults for U/cmr/m/n on input line 47.
LaTeX Font Info:    ... okay on input line 47.
LaTeX Font Info:    Checking defaults for PD1/pdf/m/n on input line 47.
LaTeX Font Info:    ... okay on input line 47.
LaTeX Font Info:    Try loading font information for OT1+ppl on input line 47.

("C:\Users\lenjo\AppData\Local\Programs\MiKTeX 2.9\tex\latex\psnfss\ot1ppl.fd"
File: ot1ppl.fd 2001/06/04 font definitions for OT1/ppl.
)
\AtBeginShipoutBox=\box31
("C:\Users\lenjo\AppData\Local\Programs\MiKTeX 2.9\tex\latex\graphics\color.sty
"
Package: color 2016/07/10 v1.1e Standard LaTeX Color (DPC)

("C:\Users\lenjo\AppData\Local\Programs\MiKTeX 2.9\tex\latex\graphics-cfg\color
.cfg"
File: color.cfg 2016/01/02 v1.6 sample color configuration
)
Package color Info: Driver file: pdftex.def on input line 147.

("C:\Users\lenjo\AppData\Local\Programs\MiKTeX 2.9\tex\latex\graphics-def\pdfte
x.def"
File: pdftex.def 2018/01/08 v1.0l Graphics/color driver for pdftex

("C:\Users\lenjo\AppData\Local\Programs\MiKTeX 2.9\tex\context\base\supp-pdf.mk
ii"
[Loading MPS to PDF converter (version 2006.09.02).]
\scratchcounter=\count113
\scratchdimen=\dimen117
\scratchbox=\box32
\nofMPsegments=\count114
\nofMParguments=\count115
\everyMPshowfont=\toks24
\MPscratchCnt=\count116
\MPscratchDim=\dimen118
\MPnumerator=\count117
\makeMPintoPDFobject=\count118
\everyMPtoPDFconversion=\toks25
)))
Package hyperref Info: Link coloring ON on input line 47.

("C:\Users\lenjo\AppData\Local\Programs\MiKTeX 2.9\tex\latex\hyperref\nameref.s
ty"
Package: nameref 2016/05/21 v2.44 Cross-referencing by name of section

("C:\Users\lenjo\AppData\Local\Programs\MiKTeX 2.9\tex\generic\oberdiek\gettitl
estring.sty"
Package: gettitlestring 2016/05/16 v1.5 Cleanup title references (HO)
)
\c@section@level=\count119
)
LaTeX Info: Redefining \ref on input line 47.
LaTeX Info: Redefining \pageref on input line 47.
LaTeX Info: Redefining \nameref on input line 47.
 (hepthesis.out) (hepthesis.out)
\@outlinefile=\write5
\openout5 = `hepthesis.out'.

LaTeX Font Info:    Try loading font information for OML+zplm on input line 48.


("C:\Users\lenjo\AppData\Local\Programs\MiKTeX 2.9\tex\latex\psnfss\omlzplm.fd"
File: omlzplm.fd 2002/09/08 Fontinst v1.914 font definitions for OML/zplm.
)
LaTeX Font Info:    Try loading font information for OMS+zplm on input line 48.

 ("C:\Users\lenjo\AppData\Local\Programs\MiKTeX 2.9\tex\latex\psnfss\omszplm.fd
"
File: omszplm.fd 2002/09/08 Fontinst v1.914 font definitions for OMS/zplm.
)
LaTeX Font Info:    Try loading font information for OMX+zplm on input line 48.


("C:\Users\lenjo\AppData\Local\Programs\MiKTeX 2.9\tex\latex\psnfss\omxzplm.fd"
File: omxzplm.fd 2002/09/08 Fontinst v1.914 font definitions for OMX/zplm.
)
LaTeX Font Info:    Try loading font information for OT1+zplm on input line 48.

 ("C:\Users\lenjo\AppData\Local\Programs\MiKTeX 2.9\tex\latex\psnfss\ot1zplm.fd
"
File: ot1zplm.fd 2002/09/08 Fontinst v1.914 font definitions for OT1/zplm.
)
LaTeX Font Info:    Font shape `OT1/ppl/bx/n' in size <10.95> not available
(Font)              Font shape `OT1/ppl/b/n' tried instead on input line 50.
LaTeX Font Info:    Font shape `OT1/ppl/bx/n' in size <17.28> not available
(Font)              Font shape `OT1/ppl/b/n' tried instead on input line 58.
 [1

{C:/Users/lenjo/AppData/Local/MiKTeX/2.9/pdftex/config/pdftex.map}]
LaTeX Font Info:    Try loading font information for OMS+ppl on input line 86.

("C:\Users\lenjo\AppData\Local\Programs\MiKTeX 2.9\tex\latex\psnfss\omsppl.fd"
File: omsppl.fd 
)
LaTeX Font Info:    Font shape `OMS/ppl/m/n' in size <10.95> not available
(Font)              Font shape `OMS/cmsy/m/n' tried instead on input line 86.
[2]

LaTeX Warning: Citation `comment' on page 3 undefined on input line 138.


Overfull \hbox (10.92398pt too wide) in paragraph at lines 146--158
[]
 []

[3]
LaTeX Font Info:    Font shape `OT1/ppl/bx/n' in size <14.4> not available
(Font)              Font shape `OT1/ppl/b/n' tried instead on input line 179.

Overfull \hbox (74.70264pt too wide) in paragraph at lines 187--193
[]\OT1/ppl/m/n/10.95 If you have prob-lems with L[]T[]X com-plain-ing about bad
 def-i-ni-tions of \OT1/cmtt/m/n/10.95 \pdfstringdefPreHook\OT1/ppl/m/n/10.95 ,

 []

[4] [5] [6] [7]
LaTeX Font Info:    Try loading font information for OMS+cmtt on input line 320
.
LaTeX Font Info:    No file OMScmtt.fd. on input line 320.


LaTeX Font Warning: Font shape `OMS/cmtt/bx/n' undefined
(Font)              using `OMS/cmsy/m/n' instead
(Font)              for symbol `textbraceleft' on input line 320.

LaTeX Font Info:    Font shape `OT1/ppl/bx/n' in size <10> not available
(Font)              Font shape `OT1/ppl/b/n' tried instead on input line 320.
LaTeX Font Info:    Font shape `OT1/ppl/bx/n' in size <8> not available
(Font)              Font shape `OT1/ppl/b/n' tried instead on input line 320.

Overfull \hbox (1.1029pt too wide) in paragraph at lines 333--346
[] 
 []

[8]

LaTeX Font Warning: Font shape `OMS/cmtt/m/n' undefined
(Font)              using `OMS/cmsy/m/n' instead
(Font)              for symbol `textbraceleft' on input line 359.


Overfull \hbox (1.1029pt too wide) in paragraph at lines 376--385
[] 
 []


Overfull \hbox (1.1029pt too wide) in paragraph at lines 390--399
[] 
 []

[9]
Overfull \hbox (1.1029pt too wide) in paragraph at lines 422--434
[] 
 []


Overfull \hbox (1.3889pt too wide) in paragraph at lines 434--441
\OT1/ppl/m/n/10.95 Additionally, the \OT1/cmtt/m/n/10.95 \maketitle \OT1/ppl/m/
n/10.95 com-mand has been re-de-fined to be-have as \OT1/cmtt/m/n/10.95 \titlep
age
 []

[10]
Overfull \hbox (9.91833pt too wide) in paragraph at lines 443--455
\OT1/ppl/m/n/10.95 Where you present the sum-mary of your the-sis: this should 
be within the \OT1/cmtt/m/n/10.95 frontmatter
 []


Overfull \hbox (1.1029pt too wide) in paragraph at lines 443--455
[] 
 []


Overfull \hbox (1.1029pt too wide) in paragraph at lines 458--469
[] 
 []


Overfull \hbox (1.1029pt too wide) in paragraph at lines 472--480
[] 
 []

[11]
Overfull \hbox (1.1029pt too wide) in paragraph at lines 483--490
[] 
 []


Overfull \hbox (1.1029pt too wide) in paragraph at lines 493--500
[] 
 []


Overfull \hbox (1.1029pt too wide) in paragraph at lines 504--514
[] 
 []

[12]
Overfull \hbox (1.1029pt too wide) in paragraph at lines 514--528
[] 
 []


Overfull \hbox (1.1029pt too wide) in paragraph at lines 531--539
[] 
 []


Overfull \hbox (1.1029pt too wide) in paragraph at lines 544--557
[] 
 []

[13]
Overfull \hbox (1.1029pt too wide) in paragraph at lines 587--596
[] 
 []

[14]
Overfull \hbox (1.1029pt too wide) in paragraph at lines 599--613
[] 
 []

[15] [16] [17] [18] [19] [20] [21] [22] [23] [24] [25] [26]
LaTeX Font Info:    Font shape `OT1/ppl/bx/n' in size <12> not available
(Font)              Font shape `OT1/ppl/b/n' tried instead on input line 777.

Overfull \hbox (8.26218pt too wide) in paragraph at lines 793--799
[] \OT1/ppl/m/n/10.95 di-rec-tory you made above (or an appropriately-
 []

[27]
Overfull \hbox (1.1029pt too wide) in paragraph at lines 832--855
[] 
 []

[28] [29]
Package atveryend Info: Empty hook `BeforeClearDocument' on input line 897.
 [30]
Package atveryend Info: Empty hook `AfterLastShipout' on input line 897.
 (hepthesis.aux)
Package atveryend Info: Executing hook `AtVeryEndDocument' on input line 897.
Package atveryend Info: Executing hook `AtEndAfterFileList' on input line 897.
Package rerunfilecheck Info: File `hepthesis.out' has not changed.
(rerunfilecheck)             Checksum: AD372B901786BD72866000386F6F67C4;3846.


LaTeX Font Warning: Some font shapes were not available, defaults substituted.


LaTeX Warning: There were undefined references.

Package atveryend Info: Empty hook `AtVeryVeryEnd' on input line 897.
 ) 
Here is how much of TeX's memory you used:
 6573 strings out of 492973
 97271 string characters out of 3126692
 189180 words of memory out of 3000000
 10220 multiletter control sequences out of 15000+200000
 42373 words of font info for 113 fonts, out of 3000000 for 9000
 1141 hyphenation exceptions out of 8191
 34i,6n,30p,506b,495s stack positions out of 5000i,500n,10000p,200000b,50000s
 <C:\Users\lenjo\AppData\Local\MiKTeX\2.9\fonts\pk\ljfour\public\cm\dpi1037\c
mttb10.pk> <C:\Users\lenjo\AppData\Local\MiKTeX\2.9\fonts\pk\ljfour\public\cm\d
pi657\cmttb10.pk>{C:/Users/lenjo/AppData/Local/Programs/MiKTeX 2.9/fonts/enc/dv
ips/base/8r.enc} <C:\Users\lenjo\AppData\Local\MiKTeX\2.9\fonts\pk\ljfour\publi
c\cm\dpi864\cmttb10.pk><C:/Users/lenjo/AppData/Local/Programs/MiKTeX 2.9/fonts/
type1/public/amsfonts/cm/cmsltt10.pfb><C:/Users/lenjo/AppData/Local/Programs/Mi
KTeX 2.9/fonts/type1/public/amsfonts/cm/cmssbx10.pfb><C:/Users/lenjo/AppData/Lo
cal/Programs/MiKTeX 2.9/fonts/type1/public/amsfonts/cm/cmsy10.pfb><C:/Users/len
jo/AppData/Local/Programs/MiKTeX 2.9/fonts/type1/public/amsfonts/cm/cmtt10.pfb>
<C:/Users/lenjo/AppData/Local/Programs/MiKTeX 2.9/fonts/type1/public/amsfonts/c
m/cmtt9.pfb><C:/Users/lenjo/AppData/Local/Programs/MiKTeX 2.9/fonts/type1/urw/p
alatino/uplb8a.pfb><C:/Users/lenjo/AppData/Local/Programs/MiKTeX 2.9/fonts/type
1/urw/palatino/uplr8a.pfb><C:/Users/lenjo/AppData/Local/Programs/MiKTeX 2.9/fon
ts/type1/urw/palatino/uplr8a.pfb><C:/Users/lenjo/AppData/Local/Programs/MiKTeX 
2.9/fonts/type1/urw/palatino/uplri8a.pfb>
Output written on hepthesis.pdf (30 pages, 269232 bytes).
PDF statistics:
 587 PDF objects out of 1000 (max. 8388607)
 125 named destinations out of 1000 (max. 500000)
 441 words of extra memory for PDF output out of 10000 (max. 10000000)

